Building DAG of jobs...
Your conda installation is not configured to use strict channel priorities. This is however crucial for having robust and correct environments (for details, see https://conda-forge.org/docs/user/tipsandtricks.html). Please consider to configure strict priorities by executing 'conda config --set channel_priority strict'.
Using shell: /bin/bash
Provided cores: 1 (use --cores to define parallelism)
Rules claiming more threads will be scaled down.
Job stats:
job               count
--------------  -------
all                   1
tRNAscan              1
tRNAscan_stats        1
total                 3

Select jobs to execute...

[Thu Dec 21 21:59:36 2023]
rule tRNAscan_stats:
    input: resource/genome/G_intestinalis.fasta
    output: output/G_intestinalis.tRNA, output/G_intestinalis.stats
    jobid: 2
    reason: Forced execution
    resources: tmpdir=/var/folders/y7/n651qkyj1k7dyvpq_kc0qjhh0000gn/T

python -c "from __future__ import print_function; import sys, json; print(json.dumps([sys.version_info.major, sys.version_info.minor]))"
Activating conda environment: .snakemake/conda/095f2490ee1a10c88c81fec1971f8ed3_
python /Users/hacer/PycharmProjects/miuulgiardia/.snakemake/scripts/tmp07otif2d.tRNAscan_stats.py
Activating conda environment: .snakemake/conda/095f2490ee1a10c88c81fec1971f8ed3_
[Thu Dec 21 21:59:52 2023]
Finished job 2.
1 of 3 steps (33%) done
Select jobs to execute...

[Thu Dec 21 21:59:52 2023]
rule tRNAscan:
    input: resource/genome/G_intestinalis.fasta
    output: output/tRNA_scan_result.txt
    jobid: 1
    reason: Forced execution
    resources: tmpdir=/var/folders/y7/n651qkyj1k7dyvpq_kc0qjhh0000gn/T

tRNAscan-SE resource/genome/G_intestinalis.fasta -o output/tRNA_scan_result.txt
Activating conda environment: .snakemake/conda/095f2490ee1a10c88c81fec1971f8ed3_
[Thu Dec 21 22:00:08 2023]
Finished job 1.
2 of 3 steps (67%) done
Select jobs to execute...

[Thu Dec 21 22:00:08 2023]
localrule all:
    input: output/tRNA_scan_result.txt, output/G_intestinalis.tRNA
    jobid: 0
    reason: Input files updated by another job: output/tRNA_scan_result.txt, output/G_intestinalis.tRNA
    resources: tmpdir=/var/folders/y7/n651qkyj1k7dyvpq_kc0qjhh0000gn/T

[Thu Dec 21 22:00:08 2023]
Finished job 0.
3 of 3 steps (100%) done
Complete log: .snakemake/log/2023-12-21T215934.620818.snakemake.log
